<?xml version="1.0" encoding="UTF-8"?>
<!-- Generated by org.testng.reporters.JUnitXMLReporter -->
<testsuite hostname="SAMEERA" ignored="0" name="Default test" tests="11" failures="0" timestamp="2020-11-16T21:10:09 EST" time="145.8" errors="0">
  <testcase name="test1" time="13.819" classname="testCombyneScripts.LoginScripts"/>
  <testcase name="test2" time="12.54" classname="testCombyneScripts.LoginScripts"/>
  <testcase name="test4" time="12.964" classname="testCombyneScripts.LoginScripts"/>
  <testcase name="test5" time="12.075" classname="testCombyneScripts.LoginScripts"/>
  <testcase name="test6" time="12.859" classname="testCombyneScripts.LoginScripts"/>
  <testcase name="test8" time="20.609" classname="testCombyneScripts.LoginScripts"/>
  <testcase name="test9" time="12.353" classname="testCombyneScripts.LoginScripts"/>
  <testcase name="test10" time="10.686" classname="testCombyneScripts.LoginScripts"/>
  <testcase name="test11" time="12.563" classname="testCombyneScripts.LoginScripts"/>
  <testcase name="test12" time="12.647" classname="testCombyneScripts.LoginScripts"/>
  <testcase name="test16" time="12.576" classname="testCombyneScripts.LoginScripts"/>
</testsuite> <!-- Default test -->
